<?xml version="1.0" encoding="UTF-8"?>
<testng-results ignored="0" total="2" passed="2" failed="0" skipped="0">
  <reporter-output>
  </reporter-output>
  <suite started-at="2025-03-19T12:21:17 IST" name="Suite_Rt" finished-at="2025-03-19T12:21:17 IST" duration-ms="81">
    <groups>
    </groups>
    <test started-at="2025-03-19T12:21:17 IST" name="Test" finished-at="2025-03-19T12:21:17 IST" duration-ms="81">
      <class name="pac2.Org">
        <test-method signature="createOrgTest()[pri:0, instance:pac2.Org@2d710f1a]" started-at="2025-03-19T12:21:17 IST" name="createOrgTest" finished-at="2025-03-19T12:21:17 IST" duration-ms="1" status="PASS">
          <reporter-output>
          </reporter-output>
        </test-method> <!-- createOrgTest -->
      </class> <!-- pac2.Org -->
      <class name="pac1.ContactTest">
        <test-method signature="createContactTest()[pri:0, instance:pac1.ContactTest@49049a04]" started-at="2025-03-19T12:21:17 IST" name="createContactTest" finished-at="2025-03-19T12:21:17 IST" duration-ms="13" status="PASS">
          <reporter-output>
          </reporter-output>
        </test-method> <!-- createContactTest -->
      </class> <!-- pac1.ContactTest -->
    </test> <!-- Test -->
  </suite> <!-- Suite_Rt -->
</testng-results>
